2023-04-24T11:31:54.467Z  info: Error while login in of username gopalgupta2804@gmail.com
2023-04-24T11:32:13.834Z  info: Error while login in of username gopalgupta2804@gmail.co
2023-04-24T11:32:24.038Z  info: gopalgupta2804@gmail.co does not exixst
2023-04-24T11:32:31.259Z  info: gopalgupta2804@gmail.com password does not match
2023-04-24T11:32:37.014Z  info: gopalgupta2804@gmail.com logged in successfully
2023-04-24T11:32:37.171Z  info: Blog retrieved successfully
2023-04-24T11:32:45.205Z  info: Blog with id 644664fc19efb3c39c86c0f0 retrieved successfully
2023-04-24T11:32:45.207Z  info: Blog with id 644664fc19efb3c39c86c0f0 retrieved successfully
2023-04-24T11:32:52.152Z  info: Blog Updated successfully
2023-04-24T11:32:58.105Z  info: gopalgupta2804@gmail.com profile view
2023-04-24T11:32:58.108Z  info: gopalgupta2804@gmail.com profile view
2023-04-24T11:33:05.093Z  info: gopalgupta2804@gmail.com updated the profile successfully
2023-04-24T11:34:51.377Z  info: rrodwal22@gmail.com User created successfully
2023-04-24T11:34:51.532Z  info: Blog retrieved successfully
2023-04-24T11:35:05.107Z  info: rrodwal22@gmail.com profile view
2023-04-24T11:35:05.109Z  info: rrodwal22@gmail.com profile view
2023-04-24T11:35:07.549Z  info: rrodwal22@gmail.com updated the profile successfully
2023-04-24T13:29:52.569Z  info: gopalgupta2804@gmail.com User created successfully
2023-04-24T13:29:52.761Z  info: Blog retrieved successfully
2023-04-24T13:30:09.117Z  info: gopalgupta2804@gmail.com logged in successfully
2023-04-24T13:30:09.227Z  info: Blog retrieved successfully
2023-04-24T13:59:37.589Z  info: Error while login in of username gopalgupta2804@gmail.com
2023-04-24T13:59:53.298Z  info: gopalgupta2804@gmail.com User created successfully
2023-04-24T13:59:53.465Z  info: Blog retrieved successfully
2023-04-24T14:00:05.558Z  info: gopalgupta2804@gmail.com password does not match
2023-04-24T14:00:09.561Z  info: gopalgupta2804@gmail.com logged in successfully
2023-04-24T14:00:09.698Z  info: Blog retrieved successfully
2023-04-24T14:49:21.990Z  info: gopalgupta2804@gmail.com password does not match
2023-04-24T14:49:26.147Z  info: gopalgupta2804@gmail.com logged in successfully
2023-04-24T14:49:26.340Z  info: Blog retrieved successfully
2023-04-24T14:50:25.049Z  info: gopalgupta2804@gmail.com logged in successfully
2023-04-24T14:50:25.222Z  info: Blog retrieved successfully
2023-04-24T14:50:42.568Z  info: Blog created successfully
2023-04-24T14:52:27.568Z  info: gopalgupta2804@gmail.com logged in successfully
2023-04-24T14:52:27.758Z  info: Blog retrieved successfully
2023-04-24T15:01:30.158Z  info: gopalgupta2804@gmail.com password does not match
2023-04-24T15:01:33.537Z  info: gopalgupta2804@gmail.com logged in successfully
2023-04-24T15:01:33.733Z  info: Blog retrieved successfully
2023-04-24T16:28:09.514Z  info: gopalgupta2804@gmail.com logged in successfully
2023-04-24T16:28:09.712Z  info: Blog retrieved successfully
2023-04-24T16:33:47.823Z  info: gopalgupta2804@gmail.com logged in successfully
2023-04-24T16:33:48.066Z  info: Blog retrieved successfully
2023-04-24T16:39:34.833Z  info: gopalgupta2804@gmail.com logged in successfully
2023-04-24T16:39:35.051Z  info: Blog retrieved successfully
2023-04-24T17:08:56.206Z  info: gopalgupta2804@gmail.com logged in successfully
2023-04-24T17:15:54.280Z  info: gopalgupta2804@gmail.com logged in successfully
2023-04-24T17:15:54.477Z  info: Blog retrieved successfully
2023-04-24T17:16:03.178Z  info: gopalgupta2804@gmail.com profile view
2023-04-24T17:16:03.184Z  info: gopalgupta2804@gmail.com profile view
