2023-04-24T18:56:48.262Z  info: gopalgupta2804@gmail.com logged in successfully
2023-04-24T18:56:48.377Z  info: Blog retrieved successfully
2023-04-24T18:56:48.409Z  info: Blog retrieved successfully
2023-04-24T18:56:48.444Z  info: Blog retrieved successfully
2023-04-24T18:57:04.591Z  info: gopalgupta2804@gmail.com password does not match
2023-04-24T18:57:11.348Z  info: gopalgupta2804@gmail.co does not exixst
2023-04-24T18:57:17.462Z  info: gopalgupta2804@gmail.com logged in successfully
2023-04-24T18:57:17.588Z  info: Blog retrieved successfully
2023-04-24T18:57:17.622Z  info: Blog retrieved successfully
2023-04-24T18:57:17.655Z  info: Blog retrieved successfully
2023-04-25T05:07:09.581Z  info: rrodwal22@gmail.com logged in successfully
2023-04-25T05:07:09.754Z  info: Blog retrieved successfully
2023-04-25T05:07:09.798Z  info: Blog retrieved successfully
2023-04-25T05:07:42.029Z  info: Blog created successfully
2023-04-25T05:07:54.052Z  info: rrodwal22@gmail.com profile view
2023-04-25T05:07:54.078Z  info: rrodwal22@gmail.com profile view
2023-04-25T05:08:00.883Z  info: rrodwal22@gmail.com updated the profile successfully
2023-04-25T05:08:11.529Z  info: Blog deleted successfully
2023-04-25T05:08:19.744Z  info: Blog created successfully
2023-04-25T05:08:27.181Z  info: Blog Updated successfully
